# JRE version: OpenJDK Runtime Environment (21.0.6) (build 21.0.6+-13355223-b631.42)
# Java VM: OpenJDK 64-Bit Server VM (21.0.6+-13355223-b631.42, mixed mode, tiered, compressed oops, compressed class ptrs, g1 gc, windows-amd64)
GC Precious Log:
 CardTable entry size: 512
 Card Set container configuration: InlinePtr #cards 5 size 8 Array Of Cards #cards 12 size 40 Howl #buckets 4 coarsen threshold 1843 Howl Bitmap #cards 512 size 80 coarsen threshold 460 Card regions per heap region 1 cards per card region 2048
 CPUs: 12 total, 12 available
 Memory: 16122M
 Large Page Support: Disabled
 NUMA Support: Disabled
 Compressed Oops: Enabled (32-bit)
 Heap Region Size: 1M
 Heap Min Capacity: 8M
 Heap Initial Capacity: 252M
 Heap Max Capacity: 2G
 Pre-touch: Disabled
 Parallel Workers: 10
 Concurrent Workers: 3
 Concurrent Refinement Workers: 10
 Periodic GC: Disabled
Heap:
 garbage-first heap   total 427008K, used 285744K [0x0000000080000000, 0x0000000100000000)
  region size 1024K, 124 young (126976K), 14 survivors (14336K)
 Metaspace       used 150804K, committed 153216K, reserved 1245184K
  class space    used 19677K, committed 20864K, reserved 1048576K
GC Heap History (20 events):
Event: 533.036 GC heap before
{Heap before GC invocations=71 (full 0):
 garbage-first heap   total 398336K, used 318141K [0x0000000080000000, 0x0000000100000000)
  region size 1024K, 120 young (122880K), 12 survivors (12288K)
 Metaspace       used 148472K, committed 150848K, reserved 1179648K
  class space    used 19632K, committed 20800K, reserved 1048576K
}
Event: 533.049 GC heap after
{Heap after GC invocations=72 (full 0):
 garbage-first heap   total 398336K, used 198199K [0x0000000080000000, 0x0000000100000000)
  region size 1024K, 10 young (10240K), 10 survivors (10240K)
 Metaspace       used 148472K, committed 150848K, reserved 1179648K
  class space    used 19632K, committed 20800K, reserved 1048576K
}
Event: 533.341 GC heap before
{Heap before GC invocations=72 (full 0):
 garbage-first heap   total 398336K, used 258615K [0x0000000080000000, 0x0000000100000000)
  region size 1024K, 71 young (72704K), 10 survivors (10240K)
 Metaspace       used 148864K, committed 151232K, reserved 1179648K
  class space    used 19632K, committed 20800K, reserved 1048576K
}
Event: 533.346 GC heap after
{Heap after GC invocations=73 (full 0):
 garbage-first heap   total 398336K, used 193141K [0x0000000080000000, 0x0000000100000000)
  region size 1024K, 7 young (7168K), 7 survivors (7168K)
 Metaspace       used 148864K, committed 151232K, reserved 1179648K
  class space    used 19632K, committed 20800K, reserved 1048576K
}
Event: 562.728 GC heap before
{Heap before GC invocations=74 (full 0):
 garbage-first heap   total 398336K, used 335477K [0x0000000080000000, 0x0000000100000000)
  region size 1024K, 137 young (140288K), 7 survivors (7168K)
 Metaspace       used 149110K, committed 151488K, reserved 1179648K
  class space    used 19634K, committed 20800K, reserved 1048576K
}
Event: 562.737 GC heap after
{Heap after GC invocations=75 (full 0):
 garbage-first heap   total 398336K, used 175505K [0x0000000080000000, 0x0000000100000000)
  region size 1024K, 10 young (10240K), 10 survivors (10240K)
 Metaspace       used 149110K, committed 151488K, reserved 1179648K
  class space    used 19634K, committed 20800K, reserved 1048576K
}
Event: 573.918 GC heap before
{Heap before GC invocations=75 (full 0):
 garbage-first heap   total 398336K, used 380305K [0x0000000080000000, 0x0000000100000000)
  region size 1024K, 159 young (162816K), 10 survivors (10240K)
 Metaspace       used 149237K, committed 151616K, reserved 1179648K
  class space    used 19635K, committed 20800K, reserved 1048576K
}
Event: 573.927 GC heap after
{Heap after GC invocations=76 (full 0):
 garbage-first heap   total 398336K, used 134298K [0x0000000080000000, 0x0000000100000000)
  region size 1024K, 2 young (2048K), 2 survivors (2048K)
 Metaspace       used 149237K, committed 151616K, reserved 1179648K
  class space    used 19635K, committed 20800K, reserved 1048576K
}
Event: 576.056 GC heap before
{Heap before GC invocations=76 (full 0):
 garbage-first heap   total 398336K, used 381082K [0x0000000080000000, 0x0000000100000000)
  region size 1024K, 192 young (196608K), 2 survivors (2048K)
 Metaspace       used 149581K, committed 152000K, reserved 1245184K
  class space    used 19636K, committed 20800K, reserved 1048576K
}
Event: 576.068 GC heap after
{Heap after GC invocations=77 (full 0):
 garbage-first heap   total 398336K, used 143547K [0x0000000080000000, 0x0000000100000000)
  region size 1024K, 12 young (12288K), 12 survivors (12288K)
 Metaspace       used 149581K, committed 152000K, reserved 1245184K
  class space    used 19636K, committed 20800K, reserved 1048576K
}
Event: 598.817 GC heap before
{Heap before GC invocations=77 (full 0):
 garbage-first heap   total 398336K, used 231611K [0x0000000080000000, 0x0000000100000000)
  region size 1024K, 100 young (102400K), 12 survivors (12288K)
 Metaspace       used 149693K, committed 152064K, reserved 1245184K
  class space    used 19639K, committed 20800K, reserved 1048576K
}
Event: 598.825 GC heap after
{Heap after GC invocations=78 (full 0):
 garbage-first heap   total 398336K, used 141351K [0x0000000080000000, 0x0000000100000000)
  region size 1024K, 10 young (10240K), 10 survivors (10240K)
 Metaspace       used 149693K, committed 152064K, reserved 1245184K
  class space    used 19639K, committed 20800K, reserved 1048576K
}
Event: 613.275 GC heap before
{Heap before GC invocations=79 (full 0):
 garbage-first heap   total 398336K, used 395303K [0x0000000080000000, 0x0000000100000000)
  region size 1024K, 207 young (211968K), 10 survivors (10240K)
 Metaspace       used 149882K, committed 152256K, reserved 1245184K
  class space    used 19640K, committed 20800K, reserved 1048576K
}
Event: 613.283 GC heap after
{Heap after GC invocations=80 (full 0):
 garbage-first heap   total 405504K, used 139991K [0x0000000080000000, 0x0000000100000000)
  region size 1024K, 8 young (8192K), 8 survivors (8192K)
 Metaspace       used 149882K, committed 152256K, reserved 1245184K
  class space    used 19640K, committed 20800K, reserved 1048576K
}
Event: 773.670 GC heap before
{Heap before GC invocations=80 (full 0):
 garbage-first heap   total 405504K, used 390871K [0x0000000080000000, 0x0000000100000000)
  region size 1024K, 223 young (228352K), 8 survivors (8192K)
 Metaspace       used 150084K, committed 152512K, reserved 1245184K
  class space    used 19648K, committed 20864K, reserved 1048576K
}
Event: 773.694 GC heap after
{Heap after GC invocations=81 (full 0):
 garbage-first heap   total 427008K, used 157321K [0x0000000080000000, 0x0000000100000000)
  region size 1024K, 28 young (28672K), 28 survivors (28672K)
 Metaspace       used 150084K, committed 152512K, reserved 1245184K
  class space    used 19648K, committed 20864K, reserved 1048576K
}
Event: 773.745 GC heap before
{Heap before GC invocations=81 (full 0):
 garbage-first heap   total 427008K, used 171657K [0x0000000080000000, 0x0000000100000000)
  region size 1024K, 43 young (44032K), 28 survivors (28672K)
 Metaspace       used 150087K, committed 152512K, reserved 1245184K
  class space    used 19648K, committed 20864K, reserved 1048576K
}
Event: 773.763 GC heap after
{Heap after GC invocations=82 (full 0):
 garbage-first heap   total 427008K, used 167123K [0x0000000080000000, 0x0000000100000000)
  region size 1024K, 12 young (12288K), 12 survivors (12288K)
 Metaspace       used 150087K, committed 152512K, reserved 1245184K
  class space    used 19648K, committed 20864K, reserved 1048576K
}
Event: 776.689 GC heap before
{Heap before GC invocations=83 (full 0):
 garbage-first heap   total 427008K, used 401619K [0x0000000080000000, 0x0000000100000000)
  region size 1024K, 209 young (214016K), 12 survivors (12288K)
 Metaspace       used 150666K, committed 153024K, reserved 1245184K
  class space    used 19669K, committed 20864K, reserved 1048576K
}
Event: 776.697 GC heap after
{Heap after GC invocations=84 (full 0):
 garbage-first heap   total 427008K, used 171056K [0x0000000080000000, 0x0000000100000000)
  region size 1024K, 14 young (14336K), 14 survivors (14336K)
 Metaspace       used 150666K, committed 153024K, reserved 1245184K
  class space    used 19669K, committed 20864K, reserved 1048576K
}

